0 info it worked if it ends with ok
1 verbose cli [ 'C:\\Program Files\\nodejs\\node.exe',
1 verbose cli   'C:\\Program Files\\nodejs\\node_modules\\npm\\bin\\npm-cli.js',
1 verbose cli   'install',
1 verbose cli   'coffee',
1 verbose cli   '-g' ]
2 info using npm@2.15.9
3 info using node@v4.6.1
4 verbose install initial load of C:\Users\spirit\AppData\Roaming\npm\package.json
5 verbose readDependencies loading dependencies from C:\Users\spirit\AppData\Roaming\npm\package.json
6 silly cache add args [ 'coffee', null ]
7 verbose cache add spec coffee
8 silly cache add parsed spec Result {
8 silly cache add   raw: 'coffee',
8 silly cache add   scope: null,
8 silly cache add   name: 'coffee',
8 silly cache add   rawSpec: '',
8 silly cache add   spec: 'latest',
8 silly cache add   type: 'tag' }
9 silly addNamed coffee@latest
10 verbose addNamed "latest" is being treated as a dist-tag for coffee
11 info addNameTag [ 'coffee', 'latest' ]
12 silly mapToRegistry name coffee
13 silly mapToRegistry using default registry
14 silly mapToRegistry registry https://registry.npmjs.org/
15 silly mapToRegistry data Result {
15 silly mapToRegistry   raw: 'coffee',
15 silly mapToRegistry   scope: null,
15 silly mapToRegistry   name: 'coffee',
15 silly mapToRegistry   rawSpec: '',
15 silly mapToRegistry   spec: 'latest',
15 silly mapToRegistry   type: 'tag' }
16 silly mapToRegistry uri https://registry.npmjs.org/coffee
17 verbose addNameTag registry:https://registry.npmjs.org/coffee not in flight; fetching
18 verbose request uri https://registry.npmjs.org/coffee
19 verbose request no auth needed
20 info attempt registry request try #1 at 5:33:29 PM
21 verbose request id ae695d22da192e1a
22 http request GET https://registry.npmjs.org/coffee
23 info retry will retry, error on last attempt: Error: getaddrinfo ENOTFOUND registry.npmjs.org registry.npmjs.org:443
24 info attempt registry request try #2 at 5:33:39 PM
25 http request GET https://registry.npmjs.org/coffee
26 info retry will retry, error on last attempt: Error: getaddrinfo ENOTFOUND registry.npmjs.org registry.npmjs.org:443
27 info attempt registry request try #3 at 5:34:39 PM
28 http request GET https://registry.npmjs.org/coffee
29 verbose stack Error: getaddrinfo ENOTFOUND registry.npmjs.org registry.npmjs.org:443
29 verbose stack     at errnoException (dns.js:27:10)
29 verbose stack     at GetAddrInfoReqWrap.onlookup [as oncomplete] (dns.js:78:26)
30 verbose cwd C:\Users\spirit\work\leecode\zigZag-conversion
31 error Windows_NT 10.0.14393
32 error argv "C:\\Program Files\\nodejs\\node.exe" "C:\\Program Files\\nodejs\\node_modules\\npm\\bin\\npm-cli.js" "install" "coffee" "-g"
33 error node v4.6.1
34 error npm  v2.15.9
35 error code ENOTFOUND
36 error errno ENOTFOUND
37 error syscall getaddrinfo
38 error network getaddrinfo ENOTFOUND registry.npmjs.org registry.npmjs.org:443
38 error network This is most likely not a problem with npm itself
38 error network and is related to network connectivity.
38 error network In most cases you are behind a proxy or have bad network settings.
38 error network
38 error network If you are behind a proxy, please make sure that the
38 error network 'proxy' config is set properly.  See: 'npm help config'
39 verbose exit [ 1, true ]
